
| Type   | Name | Status|

| InnoDB |      |
=====================================
2018-06-21 05:47:12 0x7f89205da700 INNODB MONITOR OUTPUT
=====================================
Per second averages calculated from the last 29 seconds
-----------------
BACKGROUND THREAD
-----------------
srv_master_thread loops: 3 srv_active, 0 srv_shutdown, 3599 srv_idle
srv_master_thread log flush and writes: 3602
----------
SEMAPHORES
----------
OS WAIT ARRAY INFO: reservation count 19
OS WAIT ARRAY INFO: signal count 12
RW-shared spins 0, rounds 25, OS waits 12
RW-excl spins 0, rounds 0, OS waits 0
RW-sx spins 0, rounds 0, OS waits 0
Spin rounds per wait: 25.00 RW-shared, 0.00 RW-excl, 0.00 RW-sx
------------
TRANSACTIONS
------------
Trx id counter 32
Purge done for trx's n:o < 31 undo n:o < 0 state: running
History list length 13
LIST OF TRANSACTIONS FOR EACH SESSION:
---TRANSACTION 421701908097448, not started
0 lock struct(s), heap size 1136, 0 row lock(s)
---TRANSACTION 421701908095816, not started
0 lock struct(s), heap size 1136, 0 row lock(s)
---TRANSACTION 31, ACTIVE 252 sec
2 lock struct(s), heap size 1136, 2 row lock(s)
MySQL thread id 12, OS thread handle 140226930558720, query id 34 172.17.0.1 root Reset for next command
Trx read view will not see trx with id >= 31, sees < 31
--------
FILE I/O
--------
I/O thread 0 state: waiting for completed aio requests (insert buffer thread)
I/O thread 1 state: waiting for completed aio requests (log thread)
I/O thread 2 state: waiting for completed aio requests (read thread)
I/O thread 3 state: waiting for completed aio requests (read thread)
I/O thread 4 state: waiting for completed aio requests (read thread)
I/O thread 5 state: waiting for completed aio requests (read thread)
I/O thread 6 state: waiting for completed aio requests (write thread)
I/O thread 7 state: waiting for completed aio requests (write thread)
I/O thread 8 state: waiting for completed aio requests (write thread)
I/O thread 9 state: waiting for completed aio requests (write thread)
Pending normal aio reads: [0, 0, 0, 0] , aio writes: [0, 0, 0, 0] ,
 ibuf aio reads:, log i/o's:, sync i/o's:
Pending flushes (fsync) log: 0; buffer pool: 0
192 OS file reads, 184 OS file writes, 36 OS fsyncs
0.00 reads/s, 0 avg bytes/read, 0.00 writes/s, 0.00 fsyncs/s
-------------------------------------
INSERT BUFFER AND ADAPTIVE HASH INDEX
-------------------------------------
Ibuf: size 1, free list len 0, seg size 2, 0 merges
merged operations:
 insert 0, delete mark 0, delete 0
discarded operations:
 insert 0, delete mark 0, delete 0
Hash table size 69257, node heap has 0 buffer(s)
Hash table size 69257, node heap has 0 buffer(s)
Hash table size 69257, node heap has 0 buffer(s)
Hash table size 69257, node heap has 0 buffer(s)
Hash table size 69257, node heap has 0 buffer(s)
Hash table size 69257, node heap has 0 buffer(s)
Hash table size 69257, node heap has 0 buffer(s)
Hash table size 69257, node heap has 0 buffer(s)
0.00 hash searches/s, 0.00 non-hash searches/s
---
LOG
---
Log sequence number 1635874
Log flushed up to   1635874
Pages flushed up to 1635874
Last checkpoint at  1635865
0 pending log flushes, 0 pending chkp writes
29 log i/o's done, 0.00 log i/o's/second
----------------------
BUFFER POOL AND MEMORY
----------------------
Total large memory allocated 291504128
Dictionary memory allocated 65970
Buffer pool size   16384
Free buffers       16073
Database pages     311
Old database pages 0
Modified db pages  0
Percent of dirty pages(LRU & free pages): 0.000
Max dirty pages percent: 75.000
Pending reads 0
Pending writes: LRU 0, flush list 0, single page 0
Pages made young 0, not young 0
0.00 youngs/s, 0.00 non-youngs/s
Pages read 176, created 135, written 156
0.00 reads/s, 0.00 creates/s, 0.00 writes/s
No buffer pool page gets since the last printout
Pages read ahead 0.00/s, evicted without access 0.00/s, Random read ahead 0.00/s
LRU len: 311, unzip_LRU len: 0
I/O sum[0]:cur[0], unzip sum[0]:cur[0]
--------------
ROW OPERATIONS
--------------
0 queries inside InnoDB, 0 queries in queue
1 read views open inside InnoDB
Process ID=1, Main thread ID=140225917482752, state: sleeping
Number of rows inserted 1, updated 0, deleted 0, read 2
0.00 inserts/s, 0.00 updates/s, 0.00 deletes/s, 0.00 reads/s
Number of system rows inserted 0, updated 0, deleted 0, read 0
0.00 inserts/s, 0.00 updates/s, 0.00 deletes/s, 0.00 reads/s
----------------------------
END OF INNODB MONITOR OUTPUT
============================
 |


+--------+------+
1 row in set (0.00 sec)

MariaDB [test]> SHOW ENGINE INNODB STATUS/G ;
ERROR 1064 (42000): You have an error in your SQL syntax; check the manual that corresponds to your MariaDB server version for the right syntax to use near '/G' at line 1
MariaDB [test]> SHOW ENGINE INNODB STATUS\G ;
*************************** 1. row ***************************
  Type: InnoDB
  Name:
Status:
=====================================
2018-06-21 05:52:07 0x7f89205da700 INNODB MONITOR OUTPUT
=====================================
Per second averages calculated from the last 39 seconds
-----------------
BACKGROUND THREAD
-----------------
srv_master_thread loops: 3 srv_active, 0 srv_shutdown, 3894 srv_idle
srv_master_thread log flush and writes: 3897
----------
SEMAPHORES
----------
OS WAIT ARRAY INFO: reservation count 19
OS WAIT ARRAY INFO: signal count 12
RW-shared spins 0, rounds 25, OS waits 12
RW-excl spins 0, rounds 0, OS waits 0
RW-sx spins 0, rounds 0, OS waits 0
Spin rounds per wait: 25.00 RW-shared, 0.00 RW-excl, 0.00 RW-sx
------------
TRANSACTIONS
------------
Trx id counter 32
Purge done for trx's n:o < 31 undo n:o < 0 state: running but idle
History list length 13
LIST OF TRANSACTIONS FOR EACH SESSION:
---TRANSACTION 421701908097448, not started
0 lock struct(s), heap size 1136, 0 row lock(s)
---TRANSACTION 421701908095816, not started
0 lock struct(s), heap size 1136, 0 row lock(s)
---TRANSACTION 31, ACTIVE 547 sec
2 lock struct(s), heap size 1136, 2 row lock(s)
MySQL thread id 12, OS thread handle 140226930558720, query id 34 172.17.0.1 root Reset for next command
Trx read view will not see trx with id >= 31, sees < 31
--------
FILE I/O
--------
I/O thread 0 state: waiting for completed aio requests (insert buffer thread)
I/O thread 1 state: waiting for completed aio requests (log thread)
I/O thread 2 state: waiting for completed aio requests (read thread)
I/O thread 3 state: waiting for completed aio requests (read thread)
I/O thread 4 state: waiting for completed aio requests (read thread)
I/O thread 5 state: waiting for completed aio requests (read thread)
I/O thread 6 state: waiting for completed aio requests (write thread)
I/O thread 7 state: waiting for completed aio requests (write thread)
I/O thread 8 state: waiting for completed aio requests (write thread)
I/O thread 9 state: waiting for completed aio requests (write thread)
Pending normal aio reads: [0, 0, 0, 0] , aio writes: [0, 0, 0, 0] ,
 ibuf aio reads:, log i/o's:, sync i/o's:
Pending flushes (fsync) log: 0; buffer pool: 0
192 OS file reads, 184 OS file writes, 36 OS fsyncs
0.00 reads/s, 0 avg bytes/read, 0.00 writes/s, 0.00 fsyncs/s
-------------------------------------
INSERT BUFFER AND ADAPTIVE HASH INDEX
-------------------------------------
Ibuf: size 1, free list len 0, seg size 2, 0 merges
merged operations:
 insert 0, delete mark 0, delete 0
discarded operations:
 insert 0, delete mark 0, delete 0
Hash table size 69257, node heap has 0 buffer(s)
Hash table size 69257, node heap has 0 buffer(s)
Hash table size 69257, node heap has 0 buffer(s)
Hash table size 69257, node heap has 0 buffer(s)
Hash table size 69257, node heap has 0 buffer(s)
Hash table size 69257, node heap has 0 buffer(s)
Hash table size 69257, node heap has 0 buffer(s)
Hash table size 69257, node heap has 0 buffer(s)
0.00 hash searches/s, 0.00 non-hash searches/s
---
LOG
---
Log sequence number 1635874
Log flushed up to   1635874
Pages flushed up to 1635874
Last checkpoint at  1635865
0 pending log flushes, 0 pending chkp writes
29 log i/o's done, 0.00 log i/o's/second
----------------------
BUFFER POOL AND MEMORY
----------------------
Total large memory allocated 291504128
Dictionary memory allocated 65970
Buffer pool size   16384
Free buffers       16073
Database pages     311
Old database pages 0
Modified db pages  0
Percent of dirty pages(LRU & free pages): 0.000
Max dirty pages percent: 75.000
Pending reads 0
Pending writes: LRU 0, flush list 0, single page 0
Pages made young 0, not young 0
0.00 youngs/s, 0.00 non-youngs/s
Pages read 176, created 135, written 156
0.00 reads/s, 0.00 creates/s, 0.00 writes/s
No buffer pool page gets since the last printout
Pages read ahead 0.00/s, evicted without access 0.00/s, Random read ahead 0.00/s
LRU len: 311, unzip_LRU len: 0
I/O sum[0]:cur[0], unzip sum[0]:cur[0]
--------------
ROW OPERATIONS
--------------
0 queries inside InnoDB, 0 queries in queue
1 read views open inside InnoDB
Process ID=1, Main thread ID=140225917482752, state: sleeping
Number of rows inserted 1, updated 0, deleted 0, read 2
0.00 inserts/s, 0.00 updates/s, 0.00 deletes/s, 0.00 reads/s
Number of system rows inserted 0, updated 0, deleted 0, read 0
0.00 inserts/s, 0.00 updates/s, 0.00 deletes/s, 0.00 reads/s
----------------------------
END OF INNODB MONITOR OUTPUT
============================
